#
# There is insufficient memory for the Java Runtime Environment to continue.
# Native memory allocation (malloc) failed to allocate 309776 bytes for Chunk::new
# Possible reasons:
#   The system is out of physical RAM or swap space
#   The process is running with CompressedOops enabled, and the Java Heap may be blocking the growth of the native heap
# Possible solutions:
#   Reduce memory load on the system
#   Increase physical memory or swap space
#   Check if swap backing store is full
#   Decrease Java heap size (-Xmx/-Xms)
#   Decrease number of Java threads
#   Decrease Java thread stack sizes (-Xss)
#   Set larger code cache with -XX:ReservedCodeCacheSize=
#   JVM is running with Unscaled Compressed Oops mode in which the Java heap is
#     placed in the first 4GB address space. The Java Heap base address is the
#     maximum limit for the native heap growth. Please use -XX:HeapBaseMinAddress
#     to set the Java Heap base and to place the Java Heap above 4GB virtual address.
# This output file may be truncated or incomplete.
#
#  Out of Memory Error (allocation.cpp:389), pid=41496, tid=0x000000000000a8fc
#
# JRE version: OpenJDK Runtime Environment (Zulu 8.68.0.21-CA-win64) (8.0_362-b09) (build 1.8.0_362-b09)
# Java VM: OpenJDK 64-Bit Server VM (25.362-b09 mixed mode windows-amd64 compressed oops)
# Failed to write core dump. Call to MiniDumpWriteDump() failed (Error 0x800705af: The paging file is too small for this operation to complete.
)
#

---------------  T H R E A D  ---------------

Current thread (0x000001a13aa47800):  JavaThread "C2 CompilerThread1" daemon [_thread_in_native, id=43260, stack(0x0000000706700000,0x0000000706800000)]

Stack: [0x0000000706700000,0x0000000706800000]
[error occurred during error reporting (printing stack bounds), id 0xc0000005]

Native frames: (J=compiled Java code, j=interpreted, Vv=VM code, C=native code)


Current CompileTask:
C2:  37789 5720       4       org.apache.xerces.impl.XMLDocumentFragmentScannerImpl::scanContent (234 bytes)


---------------  P R O C E S S  ---------------

Java Threads: ( => current thread )
  0x000001a13c231800 JavaThread "Okio Watchdog" daemon [_thread_blocked, id=12868, stack(0x0000000707200000,0x0000000707300000)]
  0x000001a13c731800 JavaThread "OkHttp ConnectionPool" daemon [_thread_blocked, id=42056, stack(0x0000000707100000,0x0000000707200000)]
  0x000001a13c591000 JavaThread "Exec Stream Pumper" daemon [_thread_in_native, id=41444, stack(0x0000000706f00000,0x0000000707000000)]
  0x000001a13c590800 JavaThread "Exec Stream Pumper" daemon [_thread_in_native, id=16688, stack(0x0000000706e00000,0x0000000706f00000)]
  0x000001a13ce51800 JavaThread "UrlChecker-2" daemon [_thread_blocked, id=43596, stack(0x0000000706c00000,0x0000000706d00000)]
  0x000001a13c3fa000 JavaThread "Exec Default Executor" daemon [_thread_in_native, id=28268, stack(0x0000000706b00000,0x0000000706c00000)]
  0x000001a13aa84000 JavaThread "Service Thread" daemon [_thread_blocked, id=42576, stack(0x0000000706900000,0x0000000706a00000)]
  0x000001a13aa4c800 JavaThread "C1 CompilerThread2" daemon [_thread_blocked, id=35308, stack(0x0000000706800000,0x0000000706900000)]
=>0x000001a13aa47800 JavaThread "C2 CompilerThread1" daemon [_thread_in_native, id=43260, stack(0x0000000706700000,0x0000000706800000)]
  0x000001a13aa45000 JavaThread "C2 CompilerThread0" daemon [_thread_in_native, id=37960, stack(0x0000000706600000,0x0000000706700000)]
  0x000001a13aa37000 JavaThread "Attach Listener" daemon [_thread_blocked, id=40300, stack(0x0000000706500000,0x0000000706600000)]
  0x000001a13aa3f800 JavaThread "Signal Dispatcher" daemon [_thread_blocked, id=41728, stack(0x0000000706400000,0x0000000706500000)]
  0x000001a122899000 JavaThread "Finalizer" daemon [_thread_blocked, id=43968, stack(0x0000000706300000,0x0000000706400000)]
  0x000001a1397e2800 JavaThread "Reference Handler" daemon [_thread_blocked, id=41516, stack(0x0000000706200000,0x0000000706300000)]
  0x000001a122823800 JavaThread "main" [_thread_in_native, id=37784, stack(0x0000000705c00000,0x0000000705d00000)]

Other Threads:
  0x000001a1397c1000 VMThread [stack: 0x0000000706100000,0x0000000706200000] [id=42912]
  0x000001a13ab41800 WatcherThread [stack: 0x0000000706a00000,0x0000000706b00000] [id=14500]

VM state:not at safepoint (normal execution)

VM Mutex/Monitor currently owned by a thread: None

heap address: 0x0000000080000000, size: 2048 MB, Compressed Oops mode: 32-bit
Narrow klass base: 0x0000000000000000, Narrow klass shift: 3
Compressed class space size: 1073741824 Address: 0x0000000100000000

Heap:
 PSYoungGen      total 681984K, used 178670K [0x00000000d5580000, 0x0000000100000000, 0x0000000100000000)
  eden space 664576K, 25% used [0x00000000d5580000,0x00000000dfa5d410,0x00000000fde80000)
  from space 17408K, 56% used [0x00000000fef00000,0x00000000ff89e4f8,0x0000000100000000)
  to   space 16896K, 0% used [0x00000000fde80000,0x00000000fde80000,0x00000000fef00000)
 ParOldGen       total 114688K, used 25264K [0x0000000080000000, 0x0000000087000000, 0x00000000d5580000)
  object space 114688K, 22% used [0x0000000080000000,0x00000000818ac108,0x0000000087000000)
 Metaspace       used 40339K, capacity 41838K, committed 41984K, reserved 1085440K
  class space    used 4773K, capacity 5303K, committed 5376K, reserved 1048576K

Card table byte_map: [0x000001a134240000,0x000001a134650000] byte_map_base: 0x000001a133e40000

Marking Bits: (ParMarkBitMap*) 0x0000000075155390
 Begin Bits: [0x000001a134900000, 0x000001a136900000)
 End Bits:   [0x000001a136900000, 0x000001a138900000)

Polling page: 0x000001a122a50000

CodeCache: size=245760Kb used=21632Kb max_used=21659Kb free=224127Kb
 bounds [0x000001a124e80000, 0x000001a1263c0000, 0x000001a133e80000]
 total_blobs=5860 nmethods=5145 adapters=624
 compilation: enabled

Compilation events (10 events):
Event: 37.573 Thread 0x000001a13aa4c800 5717       3       java.util.HashMap$Node::setValue (12 bytes)
Event: 37.573 Thread 0x000001a13aa4c800 nmethod 5717 0x000001a1263990d0 code [0x000001a126399220, 0x000001a126399398]
Event: 37.573 Thread 0x000001a13aa4c800 5718       1       com.kms.katalon.core.setting.VideoRecorderSetting::isEnable (5 bytes)
Event: 37.573 Thread 0x000001a13aa4c800 nmethod 5718 0x000001a126398e10 code [0x000001a126398f60, 0x000001a126399078]
Event: 37.658 Thread 0x000001a13aa47800 5720       4       org.apache.xerces.impl.XMLDocumentFragmentScannerImpl::scanContent (234 bytes)
Event: 37.709 Thread 0x000001a13aa45000 5721 %     4       org.codehaus.groovy.runtime.metaclass.MetaMethodIndex::copyMethodsToSuper @ 10 (82 bytes)
Event: 37.709 Thread 0x000001a13aa4c800 5719       3       java.util.ResourceBundle$CacheKey::getLoader (22 bytes)
Event: 37.710 Thread 0x000001a13aa4c800 nmethod 5719 0x000001a126398850 code [0x000001a1263989c0, 0x000001a126398d18]
Event: 37.725 Thread 0x000001a13aa4c800 5722       3       org.apache.xerces.impl.XMLDocumentFragmentScannerImpl::getPropertyDefault (36 bytes)
Event: 37.725 Thread 0x000001a13aa4c800 nmethod 5722 0x000001a126398190 code [0x000001a126398320, 0x000001a126398690]

GC Heap History (10 events):
Event: 8.303 GC heap before
{Heap before GC invocations=6 (full 1):
 PSYoungGen      total 272896K, used 262144K [0x00000000d5580000, 0x00000000e6a80000, 0x0000000100000000)
  eden space 262144K, 100% used [0x00000000d5580000,0x00000000e5580000,0x00000000e5580000)
  from space 10752K, 0% used [0x00000000e6000000,0x00000000e6000000,0x00000000e6a80000)
  to   space 10752K, 0% used [0x00000000e5580000,0x00000000e5580000,0x00000000e6000000)
 ParOldGen       total 82432K, used 8292K [0x0000000080000000, 0x0000000085080000, 0x00000000d5580000)
  object space 82432K, 10% used [0x0000000080000000,0x00000000808190c0,0x0000000085080000)
 Metaspace       used 23733K, capacity 24116K, committed 24576K, reserved 1071104K
  class space    used 2577K, capacity 2705K, committed 2816K, reserved 1048576K
Event: 8.339 GC heap after
Heap after GC invocations=6 (full 1):
 PSYoungGen      total 272896K, used 6966K [0x00000000d5580000, 0x00000000f4880000, 0x0000000100000000)
  eden space 262144K, 0% used [0x00000000d5580000,0x00000000d5580000,0x00000000e5580000)
  from space 10752K, 64% used [0x00000000e5580000,0x00000000e5c4d988,0x00000000e6000000)
  to   space 11264K, 0% used [0x00000000f3d80000,0x00000000f3d80000,0x00000000f4880000)
 ParOldGen       total 82432K, used 8292K [0x0000000080000000, 0x0000000085080000, 0x00000000d5580000)
  object space 82432K, 10% used [0x0000000080000000,0x00000000808190c0,0x0000000085080000)
 Metaspace       used 23733K, capacity 24116K, committed 24576K, reserved 1071104K
  class space    used 2577K, capacity 2705K, committed 2816K, reserved 1048576K
}
Event: 13.812 GC heap before
{Heap before GC invocations=7 (full 1):
 PSYoungGen      total 272896K, used 269110K [0x00000000d5580000, 0x00000000f4880000, 0x0000000100000000)
  eden space 262144K, 100% used [0x00000000d5580000,0x00000000e5580000,0x00000000e5580000)
  from space 10752K, 64% used [0x00000000e5580000,0x00000000e5c4d988,0x00000000e6000000)
  to   space 11264K, 0% used [0x00000000f3d80000,0x00000000f3d80000,0x00000000f4880000)
 ParOldGen       total 82432K, used 8292K [0x0000000080000000, 0x0000000085080000, 0x00000000d5580000)
  object space 82432K, 10% used [0x0000000080000000,0x00000000808190c0,0x0000000085080000)
 Metaspace       used 30529K, capacity 31460K, committed 31744K, reserved 1077248K
  class space    used 3517K, capacity 3765K, committed 3840K, reserved 1048576K
Event: 13.898 GC heap after
Heap after GC invocations=7 (full 1):
 PSYoungGen      total 491520K, used 11232K [0x00000000d5580000, 0x00000000f4880000, 0x0000000100000000)
  eden space 480256K, 0% used [0x00000000d5580000,0x00000000d5580000,0x00000000f2a80000)
  from space 11264K, 99% used [0x00000000f3d80000,0x00000000f4878158,0x00000000f4880000)
  to   space 13824K, 0% used [0x00000000f2d80000,0x00000000f2d80000,0x00000000f3b00000)
 ParOldGen       total 82432K, used 10183K [0x0000000080000000, 0x0000000085080000, 0x00000000d5580000)
  object space 82432K, 12% used [0x0000000080000000,0x00000000809f1d18,0x0000000085080000)
 Metaspace       used 30529K, capacity 31460K, committed 31744K, reserved 1077248K
  class space    used 3517K, capacity 3765K, committed 3840K, reserved 1048576K
}
Event: 17.609 GC heap before
{Heap before GC invocations=8 (full 1):
 PSYoungGen      total 491520K, used 373150K [0x00000000d5580000, 0x00000000f4880000, 0x0000000100000000)
  eden space 480256K, 75% used [0x00000000d5580000,0x00000000eb6ef7d8,0x00000000f2a80000)
  from space 11264K, 99% used [0x00000000f3d80000,0x00000000f4878158,0x00000000f4880000)
  to   space 13824K, 0% used [0x00000000f2d80000,0x00000000f2d80000,0x00000000f3b00000)
 ParOldGen       total 82432K, used 10183K [0x0000000080000000, 0x0000000085080000, 0x00000000d5580000)
  object space 82432K, 12% used [0x0000000080000000,0x00000000809f1d18,0x0000000085080000)
 Metaspace       used 34197K, capacity 35400K, committed 35496K, reserved 1081344K
  class space    used 3922K, capacity 4349K, committed 4352K, reserved 1048576K
Event: 17.634 GC heap after
Heap after GC invocations=8 (full 1):
 PSYoungGen      total 497152K, used 13804K [0x00000000d5580000, 0x0000000100000000, 0x0000000100000000)
  eden space 483328K, 0% used [0x00000000d5580000,0x00000000d5580000,0x00000000f2d80000)
  from space 13824K, 99% used [0x00000000f2d80000,0x00000000f3afb2e8,0x00000000f3b00000)
  to   space 17408K, 0% used [0x00000000fef00000,0x00000000fef00000,0x0000000100000000)
 ParOldGen       total 82432K, used 13761K [0x0000000080000000, 0x0000000085080000, 0x00000000d5580000)
  object space 82432K, 16% used [0x0000000080000000,0x0000000080d70758,0x0000000085080000)
 Metaspace       used 34197K, capacity 35400K, committed 35496K, reserved 1081344K
  class space    used 3922K, capacity 4349K, committed 4352K, reserved 1048576K
}
Event: 17.634 GC heap before
{Heap before GC invocations=9 (full 2):
 PSYoungGen      total 497152K, used 13804K [0x00000000d5580000, 0x0000000100000000, 0x0000000100000000)
  eden space 483328K, 0% used [0x00000000d5580000,0x00000000d5580000,0x00000000f2d80000)
  from space 13824K, 99% used [0x00000000f2d80000,0x00000000f3afb2e8,0x00000000f3b00000)
  to   space 17408K, 0% used [0x00000000fef00000,0x00000000fef00000,0x0000000100000000)
 ParOldGen       total 82432K, used 13761K [0x0000000080000000, 0x0000000085080000, 0x00000000d5580000)
  object space 82432K, 16% used [0x0000000080000000,0x0000000080d70758,0x0000000085080000)
 Metaspace       used 34197K, capacity 35400K, committed 35496K, reserved 1081344K
  class space    used 3922K, capacity 4349K, committed 4352K, reserved 1048576K
Event: 17.803 GC heap after
Heap after GC invocations=9 (full 2):
 PSYoungGen      total 497152K, used 0K [0x00000000d5580000, 0x0000000100000000, 0x0000000100000000)
  eden space 483328K, 0% used [0x00000000d5580000,0x00000000d5580000,0x00000000f2d80000)
  from space 13824K, 0% used [0x00000000f2d80000,0x00000000f2d80000,0x00000000f3b00000)
  to   space 17408K, 0% used [0x00000000fef00000,0x00000000fef00000,0x0000000100000000)
 ParOldGen       total 114688K, used 25256K [0x0000000080000000, 0x0000000087000000, 0x00000000d5580000)
  object space 114688K, 22% used [0x0000000080000000,0x00000000818aa108,0x0000000087000000)
 Metaspace       used 34197K, capacity 35400K, committed 35496K, reserved 1081344K
  class space    used 3922K, capacity 4349K, committed 4352K, reserved 1048576K
}
Event: 34.140 GC heap before
{Heap before GC invocations=10 (full 2):
 PSYoungGen      total 497152K, used 483328K [0x00000000d5580000, 0x0000000100000000, 0x0000000100000000)
  eden space 483328K, 100% used [0x00000000d5580000,0x00000000f2d80000,0x00000000f2d80000)
  from space 13824K, 0% used [0x00000000f2d80000,0x00000000f2d80000,0x00000000f3b00000)
  to   space 17408K, 0% used [0x00000000fef00000,0x00000000fef00000,0x0000000100000000)
 ParOldGen       total 114688K, used 25256K [0x0000000080000000, 0x0000000087000000, 0x00000000d5580000)
  object space 114688K, 22% used [0x0000000080000000,0x00000000818aa108,0x0000000087000000)
 Metaspace       used 39980K, capacity 41526K, committed 41728K, reserved 1085440K
  class space    used 4736K, capacity 5251K, committed 5376K, reserved 1048576K
Event: 34.159 GC heap after
Heap after GC invocations=10 (full 2):
 PSYoungGen      total 681984K, used 9849K [0x00000000d5580000, 0x0000000100000000, 0x0000000100000000)
  eden space 664576K, 0% used [0x00000000d5580000,0x00000000d5580000,0x00000000fde80000)
  from space 17408K, 56% used [0x00000000fef00000,0x00000000ff89e4f8,0x0000000100000000)
  to   space 16896K, 0% used [0x00000000fde80000,0x00000000fde80000,0x00000000fef00000)
 ParOldGen       total 114688K, used 25264K [0x0000000080000000, 0x0000000087000000, 0x00000000d5580000)
  object space 114688K, 22% used [0x0000000080000000,0x00000000818ac108,0x0000000087000000)
 Metaspace       used 39980K, capacity 41526K, committed 41728K, reserved 1085440K
  class space    used 4736K, capacity 5251K, committed 5376K, reserved 1048576K
}

Deoptimization events (10 events):
Event: 35.963 Thread 0x000001a122823800 Uncommon trap: reason=class_check action=maybe_recompile pc=0x000001a125e68050 method=org.codehaus.groovy.ast.ClassNode.equals(Ljava/lang/Object;)Z @ 17
Event: 35.963 Thread 0x000001a122823800 Uncommon trap: reason=class_check action=maybe_recompile pc=0x000001a12515b5f4 method=org.codehaus.groovy.ast.ClassNode.getText()Ljava/lang/String; @ 1
Event: 35.963 Thread 0x000001a122823800 Uncommon trap: reason=class_check action=maybe_recompile pc=0x000001a125e67fe0 method=org.codehaus.groovy.ast.ClassNode.equals(Ljava/lang/Object;)Z @ 35
Event: 35.963 Thread 0x000001a122823800 Uncommon trap: reason=class_check action=maybe_recompile pc=0x000001a12515b5f4 method=org.codehaus.groovy.ast.ClassNode.getText()Ljava/lang/String; @ 1
Event: 35.963 Thread 0x000001a122823800 Uncommon trap: reason=class_check action=maybe_recompile pc=0x000001a125e68050 method=org.codehaus.groovy.ast.ClassNode.equals(Ljava/lang/Object;)Z @ 17
Event: 35.963 Thread 0x000001a122823800 Uncommon trap: reason=class_check action=maybe_recompile pc=0x000001a12515b5f4 method=org.codehaus.groovy.ast.ClassNode.getText()Ljava/lang/String; @ 1
Event: 35.964 Thread 0x000001a122823800 Uncommon trap: reason=speculate_class_check action=maybe_recompile pc=0x000001a125cae620 method=org.codehaus.groovy.classgen.asm.BytecodeHelper.getTypeDescription(Lorg/codehaus/groovy/ast/ClassNode;Z)Ljava/lang/String; @ 183
Event: 35.964 Thread 0x000001a122823800 Uncommon trap: reason=speculate_class_check action=maybe_recompile pc=0x000001a125cae620 method=org.codehaus.groovy.classgen.asm.BytecodeHelper.getTypeDescription(Lorg/codehaus/groovy/ast/ClassNode;Z)Ljava/lang/String; @ 183
Event: 35.964 Thread 0x000001a122823800 Uncommon trap: reason=speculate_class_check action=maybe_recompile pc=0x000001a125cae620 method=org.codehaus.groovy.classgen.asm.BytecodeHelper.getTypeDescription(Lorg/codehaus/groovy/ast/ClassNode;Z)Ljava/lang/String; @ 183
Event: 35.964 Thread 0x000001a122823800 Uncommon trap: reason=speculate_class_check action=maybe_recompile pc=0x000001a125cae620 method=org.codehaus.groovy.classgen.asm.BytecodeHelper.getTypeDescription(Lorg/codehaus/groovy/ast/ClassNode;Z)Ljava/lang/String; @ 183

Classes redefined (0 events):
No events

Internal exceptions (10 events):
Event: 37.683 Thread 0x000001a122823800 Exception <a 'java/security/PrivilegedActionException'> (0x00000000df07fd88) thrown at [C:\jenkins\workspace\zulu-platform-build\zulu-src.git\hotspot\src\share\vm\prims\jvm.cpp, line 1514]
Event: 37.683 Thread 0x000001a122823800 Exception <a 'java/security/PrivilegedActionException'> (0x00000000df080738) thrown at [C:\jenkins\workspace\zulu-platform-build\zulu-src.git\hotspot\src\share\vm\prims\jvm.cpp, line 1514]
Event: 37.684 Thread 0x000001a122823800 Exception <a 'java/security/PrivilegedActionException'> (0x00000000df093e00) thrown at [C:\jenkins\workspace\zulu-platform-build\zulu-src.git\hotspot\src\share\vm\prims\jvm.cpp, line 1514]
Event: 37.684 Thread 0x000001a122823800 Exception <a 'java/security/PrivilegedActionException'> (0x00000000df0947b0) thrown at [C:\jenkins\workspace\zulu-platform-build\zulu-src.git\hotspot\src\share\vm\prims\jvm.cpp, line 1514]
Event: 37.698 Thread 0x000001a122823800 Exception <a 'java/security/PrivilegedActionException'> (0x00000000df2c9e40) thrown at [C:\jenkins\workspace\zulu-platform-build\zulu-src.git\hotspot\src\share\vm\prims\jvm.cpp, line 1514]
Event: 37.698 Thread 0x000001a122823800 Exception <a 'java/security/PrivilegedActionException'> (0x00000000df2ca7f0) thrown at [C:\jenkins\workspace\zulu-platform-build\zulu-src.git\hotspot\src\share\vm\prims\jvm.cpp, line 1514]
Event: 37.699 Thread 0x000001a122823800 Exception <a 'java/security/PrivilegedActionException'> (0x00000000df2de7e8) thrown at [C:\jenkins\workspace\zulu-platform-build\zulu-src.git\hotspot\src\share\vm\prims\jvm.cpp, line 1514]
Event: 37.699 Thread 0x000001a122823800 Exception <a 'java/security/PrivilegedActionException'> (0x00000000df2df198) thrown at [C:\jenkins\workspace\zulu-platform-build\zulu-src.git\hotspot\src\share\vm\prims\jvm.cpp, line 1514]
Event: 37.715 Thread 0x000001a122823800 Exception <a 'java/lang/ClassNotFoundException': Script1BeanInfo> (0x00000000df4b6a18) thrown at [C:\jenkins\workspace\zulu-platform-build\zulu-src.git\hotspot\src\share\vm\classfile\systemDictionary.cpp, line 220]
Event: 37.721 Thread 0x000001a122823800 Exception <a 'java/lang/ClassNotFoundException': Script1Customizer> (0x00000000df54cfa0) thrown at [C:\jenkins\workspace\zulu-platform-build\zulu-src.git\hotspot\src\share\vm\classfile\systemDictionary.cpp, line 220]

Events (10 events):
Event: 37.712 loading class Script1BeanInfo
Event: 37.712 loading class Script1BeanInfo done
Event: 37.715 loading class Script1BeanInfo
Event: 37.715 loading class Script1BeanInfo done
Event: 37.716 loading class Script1Customizer
Event: 37.716 loading class Script1Customizer done
Event: 37.718 loading class Script1Customizer
Event: 37.718 loading class Script1Customizer done
Event: 37.721 loading class Script1Customizer
Event: 37.721 loading class Script1Customizer done


Dynamic libraries:
0x00007ff778f70000 - 0x00007ff778fc1000 	D:\ChandraTeam_QA_SusilKanth\Katalon_Studio_Windows_64-8.6.6\Katalon_Studio_Windows_64-8.6.6\jre\bin\javaw.exe
0x00007ffb9eb30000 - 0x00007ffb9ecff000 	C:\Windows\SYSTEM32\ntdll.dll
0x00007ffb9da80000 - 0x00007ffb9db2d000 	C:\Windows\System32\KERNEL32.DLL
0x00007ffb9b370000 - 0x00007ffb9b58e000 	C:\Windows\System32\KERNELBASE.dll
0x00007ffb92540000 - 0x00007ffb9261b000 	C:\Program Files\Bitdefender\Endpoint Security\bdhkm\dlls_267033656931486303\bdhkm64.dll
0x00007ffb923d0000 - 0x00007ffb9253c000 	C:\Program Files\Bitdefender\Endpoint Security\atcuf\dlls_267033656905705220\atcuf64.dll
0x00007ffb9dd70000 - 0x00007ffb9de17000 	C:\Windows\System32\ADVAPI32.dll
0x00007ffb9ea90000 - 0x00007ffb9eb2e000 	C:\Windows\System32\msvcrt.dll
0x00007ffb9c0d0000 - 0x00007ffb9c12d000 	C:\Windows\System32\sechost.dll
0x00007ffb9e970000 - 0x00007ffb9ea8e000 	C:\Windows\System32\RPCRT4.dll
0x00007ffb9bd70000 - 0x00007ffb9bd9b000 	C:\Windows\System32\bcrypt.dll
0x00007ffb9d910000 - 0x00007ffb9da76000 	C:\Windows\System32\USER32.dll
0x00007ffb9b2f0000 - 0x00007ffb9b30e000 	C:\Windows\System32\win32u.dll
0x00007ffb9e7d0000 - 0x00007ffb9e804000 	C:\Windows\System32\GDI32.dll
0x00007ffb9bf40000 - 0x00007ffb9c0c4000 	C:\Windows\System32\gdi32full.dll
0x00007ffb828b0000 - 0x00007ffb82b2a000 	C:\Windows\WinSxS\amd64_microsoft.windows.common-controls_6595b64144ccf1df_6.0.14393.4169_none_7de0bbf28341b1f2\COMCTL32.dll
0x00007ffb9d640000 - 0x00007ffb9d906000 	C:\Windows\System32\combase.dll
0x00007ffb9bc70000 - 0x00007ffb9bd64000 	C:\Windows\System32\ucrtbase.dll
0x00007ffb9b080000 - 0x00007ffb9b0ec000 	C:\Windows\System32\bcryptPrimitives.dll
0x00007ffb9e500000 - 0x00007ffb9e52e000 	C:\Windows\System32\IMM32.DLL
0x00007ffb8a870000 - 0x00007ffb8a885000 	D:\ChandraTeam_QA_SusilKanth\Katalon_Studio_Windows_64-8.6.6\Katalon_Studio_Windows_64-8.6.6\jre\bin\vcruntime140.dll
0x00007ffb7d410000 - 0x00007ffb7d4ab000 	D:\ChandraTeam_QA_SusilKanth\Katalon_Studio_Windows_64-8.6.6\Katalon_Studio_Windows_64-8.6.6\jre\bin\msvcp140.dll
0x0000000074960000 - 0x00000000751d0000 	D:\ChandraTeam_QA_SusilKanth\Katalon_Studio_Windows_64-8.6.6\Katalon_Studio_Windows_64-8.6.6\jre\bin\server\jvm.dll
0x00007ffb9e4f0000 - 0x00007ffb9e4f8000 	C:\Windows\System32\PSAPI.DLL
0x00007ffb938a0000 - 0x00007ffb938a9000 	C:\Windows\SYSTEM32\WSOCK32.dll
0x00007ffb9e320000 - 0x00007ffb9e38a000 	C:\Windows\System32\WS2_32.dll
0x00007ffb993c0000 - 0x00007ffb993e3000 	C:\Windows\SYSTEM32\WINMM.dll
0x00007ffb90b10000 - 0x00007ffb90b1a000 	C:\Windows\SYSTEM32\VERSION.dll
0x00007ffb99390000 - 0x00007ffb993bb000 	C:\Windows\SYSTEM32\WINMMBASE.dll
0x00007ffb9be50000 - 0x00007ffb9be92000 	C:\Windows\System32\cfgmgr32.dll
0x00007ffb9afb0000 - 0x00007ffb9afbf000 	C:\Windows\System32\kernel.appcore.dll
0x00007ffb93700000 - 0x00007ffb93710000 	D:\ChandraTeam_QA_SusilKanth\Katalon_Studio_Windows_64-8.6.6\Katalon_Studio_Windows_64-8.6.6\jre\bin\verify.dll
0x00007ffb885e0000 - 0x00007ffb8860b000 	D:\ChandraTeam_QA_SusilKanth\Katalon_Studio_Windows_64-8.6.6\Katalon_Studio_Windows_64-8.6.6\jre\bin\java.dll
0x00007ffb91d40000 - 0x00007ffb91d58000 	D:\ChandraTeam_QA_SusilKanth\Katalon_Studio_Windows_64-8.6.6\Katalon_Studio_Windows_64-8.6.6\jre\bin\zip.dll
0x00007ffb9c130000 - 0x00007ffb9d635000 	C:\Windows\System32\SHELL32.dll
0x00007ffb9b590000 - 0x00007ffb9bc63000 	C:\Windows\System32\windows.storage.dll
0x00007ffb9af60000 - 0x00007ffb9afac000 	C:\Windows\System32\powrprof.dll
0x00007ffb9e770000 - 0x00007ffb9e7c2000 	C:\Windows\System32\shlwapi.dll
0x00007ffb9bda0000 - 0x00007ffb9be48000 	C:\Windows\System32\shcore.dll
0x00007ffb9af40000 - 0x00007ffb9af54000 	C:\Windows\System32\profapi.dll
0x00007ffb8a990000 - 0x00007ffb8a9ac000 	D:\ChandraTeam_QA_SusilKanth\Katalon_Studio_Windows_64-8.6.6\Katalon_Studio_Windows_64-8.6.6\jre\bin\net.dll
0x00007ffb9a820000 - 0x00007ffb9a87d000 	C:\Windows\system32\mswsock.dll
0x00007ffb8a810000 - 0x00007ffb8a823000 	D:\ChandraTeam_QA_SusilKanth\Katalon_Studio_Windows_64-8.6.6\Katalon_Studio_Windows_64-8.6.6\jre\bin\nio.dll
0x00007ffb9a5a0000 - 0x00007ffb9a642000 	C:\Windows\SYSTEM32\DNSAPI.dll
0x00007ffb9e310000 - 0x00007ffb9e318000 	C:\Windows\System32\NSI.dll
0x00007ffb9a550000 - 0x00007ffb9a588000 	C:\Windows\SYSTEM32\IPHLPAPI.DLL
0x00007ffb94aa0000 - 0x00007ffb94aaa000 	C:\Windows\System32\rasadhlp.dll
0x00007ffb95ba0000 - 0x00007ffb95c0a000 	C:\Windows\System32\fwpuclnt.dll
0x00007ffb87400000 - 0x00007ffb87424000 	D:\ChandraTeam_QA_SusilKanth\Katalon_Studio_Windows_64-8.6.6\Katalon_Studio_Windows_64-8.6.6\jre\bin\sunec.dll
0x00007ffb93080000 - 0x00007ffb9308d000 	D:\ChandraTeam_QA_SusilKanth\Katalon_Studio_Windows_64-8.6.6\Katalon_Studio_Windows_64-8.6.6\jre\bin\sunmscapi.dll
0x00007ffb9b0f0000 - 0x00007ffb9b2eb000 	C:\Windows\System32\CRYPT32.dll
0x00007ffb9afc0000 - 0x00007ffb9afd0000 	C:\Windows\System32\MSASN1.dll
0x00007ffb9aaa0000 - 0x00007ffb9aac6000 	C:\Windows\SYSTEM32\ncrypt.dll
0x00007ffb9aa60000 - 0x00007ffb9aa9b000 	C:\Windows\SYSTEM32\NTASN1.dll
0x00007ffb9a9d0000 - 0x00007ffb9a9e7000 	C:\Windows\SYSTEM32\CRYPTSP.dll
0x00007ffb9a3e0000 - 0x00007ffb9a413000 	C:\Windows\system32\rsaenh.dll
0x00007ffb9a650000 - 0x00007ffb9a670000 	C:\Windows\SYSTEM32\USERENV.dll
0x00007ffb9aea0000 - 0x00007ffb9aeab000 	C:\Windows\SYSTEM32\CRYPTBASE.dll
0x00007ffb959c0000 - 0x00007ffb959d6000 	C:\Windows\SYSTEM32\dhcpcsvc6.DLL
0x00007ffb95800000 - 0x00007ffb9581a000 	C:\Windows\SYSTEM32\dhcpcsvc.DLL
0x00007ffb92f10000 - 0x00007ffb92f26000 	C:\Windows\system32\napinsp.dll
0x00007ffb93030000 - 0x00007ffb9303e000 	C:\Windows\System32\winrnr.dll
0x00007ffb95ea0000 - 0x00007ffb95eb8000 	C:\Windows\system32\NLAapi.dll
0x00007ffb95820000 - 0x00007ffb959b2000 	C:\Windows\system32\DBGHELP.DLL
0x00007ffb95670000 - 0x00007ffb95699000 	C:\Windows\SYSTEM32\dbgcore.DLL

VM Arguments:
jvm_args: -Dgroovy.home=C:\Users\susilkanth.r/.groovy -Djava.system.class.loader=groovy.lang.GroovyClassLoader -Xmx2048m -Dfile.encoding=UTF-8 
java_command: org.codehaus.groovy.tools.GroovyStarter --classpath D:\ChandraTeam_QA_SusilKanth\V155_Product_Vanseller_E04\bin\keyword;D:\ChandraTeam_QA_SusilKanth\V155_Product_Vanseller_E04\Keywords;D:\ChandraTeam_QA_SusilKanth\V155_Product_Vanseller_E04\bin\listener;D:\ChandraTeam_QA_SusilKanth\V155_Product_Vanseller_E04\Test Listeners;D:\ChandraTeam_QA_SusilKanth\V155_Product_Vanseller_E04\bin\lib;D:\ChandraTeam_QA_SusilKanth\V155_Product_Vanseller_E04\Libs;D:\ChandraTeam_QA_SusilKanth\V155_Product_Vanseller_E04\bin\groovy;D:\ChandraTeam_QA_SusilKanth\V155_Product_Vanseller_E04\Include\scripts\groovy;D:\ChandraTeam_QA_SusilKanth\Katalon_Studio_Windows_64-8.6.6\Katalon_Studio_Windows_64-8.6.6\plugins\com.kms.katalon.core_1.0.0.202308180208.jar;D:\ChandraTeam_QA_SusilKanth\Katalon_Studio_Windows_64-8.6.6\Katalon_Studio_Windows_64-8.6.6\configuration\resources\lib\aalto-xml-1.0.0.jar;D:\ChandraTeam_QA_SusilKanth\Katalon_Studio_Windows_64-8.6.6\Katalon_Studio_Windows_64-8.6.6\configuration\resources\lib\aspectjweaver-1.9.1.jar;D:\ChandraTeam_QA_SusilKanth\Katalon_Studio_Windows_64-8.6.6\Katalon_Studio_Windows_64-8.6.6\configuration\resources\lib\bcpkix-jdk15on-1.64.jar;D:\ChandraTeam_QA_SusilKanth\Katalon_Studio_Windows_64-8.6.6\Katalon_Studio_Windows_64-8.6.6\configuration\resources\lib\bcprov-jdk15on-1.64.jar;D:\ChandraTeam_QA_SusilKanth\Katalon_Studio_Windows_64-8.6.6\Katalon_Studio_Windows_64-8.6.6\configuration\resources\lib\browsermob-core-2.1.5.jar;D:\ChandraTeam_QA_SusilKanth\Katalon_Studio_Windows_64-8.6.6\Katalon_Studio_Windows_64-8.6.6\configuration\resources\lib\cglib-3.2.10.jar;D:\ChandraTeam_QA_SusilKanth\Katalon_Studio_Windows_64-8.6.6\Katalon_Studio_Windows_64-8.6.6\configuration\resources\lib\commons-codec-1.10.jar;D:\ChandraTeam_QA_SusilKanth\Katalon_Studio_Windows_64-8.6.6\Katalon_Studio_Windows_64-8.6.6\configuration\resources\lib\commons-collections4-4.1.jar;D:\ChandraTeam_QA_SusilKanth\Katalon_Studio_Windows_64-8.6.6\Katalon_Studio_Windows_64-8
java_class_path (initial): D:\ChandraTeam_QA_SusilKanth\V155_Product_Vanseller_E04\bin\keyword;D:\ChandraTeam_QA_SusilKanth\V155_Product_Vanseller_E04\bin\listener;D:\ChandraTeam_QA_SusilKanth\V155_Product_Vanseller_E04\bin\lib;D:\ChandraTeam_QA_SusilKanth\V155_Product_Vanseller_E04\bin\groovy;D:\ChandraTeam_QA_SusilKanth\V155_Product_Vanseller_E04\bin;D:\ChandraTeam_QA_SusilKanth\Katalon_Studio_Windows_64-8.6.6\Katalon_Studio_Windows_64-8.6.6\plugins\com.kms.katalon.core_1.0.0.202308180208.jar;D:\ChandraTeam_QA_SusilKanth\Katalon_Studio_Windows_64-8.6.6\Katalon_Studio_Windows_64-8.6.6\configuration\resources\lib\aalto-xml-1.0.0.jar;D:\ChandraTeam_QA_SusilKanth\Katalon_Studio_Windows_64-8.6.6\Katalon_Studio_Windows_64-8.6.6\configuration\resources\lib\aspectjweaver-1.9.1.jar;D:\ChandraTeam_QA_SusilKanth\Katalon_Studio_Windows_64-8.6.6\Katalon_Studio_Windows_64-8.6.6\configuration\resources\lib\bcpkix-jdk15on-1.64.jar;D:\ChandraTeam_QA_SusilKanth\Katalon_Studio_Windows_64-8.6.6\Katalon_Studio_Windows_64-8.6.6\configuration\resources\lib\bcprov-jdk15on-1.64.jar;D:\ChandraTeam_QA_SusilKanth\Katalon_Studio_Windows_64-8.6.6\Katalon_Studio_Windows_64-8.6.6\configuration\resources\lib\browsermob-core-2.1.5.jar;D:\ChandraTeam_QA_SusilKanth\Katalon_Studio_Windows_64-8.6.6\Katalon_Studio_Windows_64-8.6.6\configuration\resources\lib\cglib-3.2.10.jar;D:\ChandraTeam_QA_SusilKanth\Katalon_Studio_Windows_64-8.6.6\Katalon_Studio_Windows_64-8.6.6\configuration\resources\lib\commons-codec-1.10.jar;D:\ChandraTeam_QA_SusilKanth\Katalon_Studio_Windows_64-8.6.6\Katalon_Studio_Windows_64-8.6.6\configuration\resources\lib\commons-collections4-4.1.jar;D:\ChandraTeam_QA_SusilKanth\Katalon_Studio_Windows_64-8.6.6\Katalon_Studio_Windows_64-8.6.6\configuration\resources\lib\commons-validator-1.6.jar;D:\ChandraTeam_QA_SusilKanth\Katalon_Studio_Windows_64-8.6.6\Katalon_Studio_Windows_64-8.6.6\configuration\resources\lib\curvesapi-1.04.jar;D:\ChandraTeam_QA_SusilKanth\Katalon_Studio_Windows_64-8
Launcher Type: SUN_STANDARD

Environment Variables:
PATH=D:/ChandraTeam_QA_SusilKanth/Katalon_Studio_Windows_64-8.6.6/Katalon_Studio_Windows_64-8.6.6/jre/bin/server;D:/ChandraTeam_QA_SusilKanth/Katalon_Studio_Windows_64-8.6.6/Katalon_Studio_Windows_64-8.6.6/jre/bin;D:/ChandraTeam_QA_SusilKanth/Katalon_Studio_Windows_64-8.6.6/Katalon_Studio_Windows_64-8.6.6/jre/lib/amd64;C:\Program Files (x86)\Common Files\Oracle\Java\javapath;C:\Windows\system32;C:\Windows;C:\Windows\System32\Wbem;C:\Windows\System32\WindowsPowerShell\v1.0\;C:\Program Files\Amazon\cfn-bootstrap\;C:\Program Files\nodejs\;C:\Users\susilkanth.r\AppData\Local\Microsoft\WindowsApps;D:\ChandraTeam_QA_SusilKanth\Katalon_Studio_Windows_64-8.6.6\Katalon_Studio_Windows_64-8.6.6;
USERNAME=susilkanth.r
OS=Windows_NT
PROCESSOR_IDENTIFIER=Intel64 Family 6 Model 79 Stepping 1, GenuineIntel



---------------  S Y S T E M  ---------------

OS: Windows Server 2016 , 64 bit Build 14393 (10.0.14393.5786)
Xen hardware-assisted virtualization detected

CPU:total 4 (initial active 4) (2 cores per cpu, 2 threads per core) family 6 model 79 stepping 1, cmov, cx8, fxsr, mmx, sse, sse2, sse3, ssse3, sse4.1, sse4.2, popcnt, avx, avx2, aes, clmul, erms, lzcnt, ht, tsc, bmi1, bmi2

Memory: 4k page, physical 16776816k(1077732k free), swap 25951596k(5192k free)

vm_info: OpenJDK 64-Bit Server VM (25.362-b09) for windows-amd64 JRE (Zulu 8.68.0.21-CA-win64) (1.8.0_362-b09), built on Jan 19 2023 16:49:02 by "tester" with MS VC++ 15.9 (VS2017)

time: Tue Mar 26 11:58:52 2024
timezone: India Standard Time
elapsed time: 37.811619 seconds (0d 0h 0m 37s)

