2025-07-06 14:49:05,657 INFO o.a.j.u.JMeterUtils: Setting Locale to en_EN
2025-07-06 14:49:05,750 INFO o.a.j.JMeter: Loading user properties from: D:\155_158_CT_Updatedvansellerfile\V155_V158_Product_Vanseller\Jmeter\apache-jmeter-5.6.3\bin\user.properties
2025-07-06 14:49:05,762 INFO o.a.j.JMeter: Loading system properties from: D:\155_158_CT_Updatedvansellerfile\V155_V158_Product_Vanseller\Jmeter\apache-jmeter-5.6.3\bin\system.properties
2025-07-06 14:49:05,783 INFO o.a.j.JMeter: Copyright (c) 1998-2024 The Apache Software Foundation
2025-07-06 14:49:05,783 INFO o.a.j.JMeter: Version 5.6.3
2025-07-06 14:49:05,783 INFO o.a.j.JMeter: java.version=1.8.0_362
2025-07-06 14:49:05,783 INFO o.a.j.JMeter: java.vm.name=OpenJDK 64-Bit Server VM
2025-07-06 14:49:05,783 INFO o.a.j.JMeter: os.name=Windows 11
2025-07-06 14:49:05,784 INFO o.a.j.JMeter: os.arch=amd64
2025-07-06 14:49:05,784 INFO o.a.j.JMeter: os.version=10.0
2025-07-06 14:49:05,784 INFO o.a.j.JMeter: file.encoding=Cp1252
2025-07-06 14:49:05,784 INFO o.a.j.JMeter: java.awt.headless=true
2025-07-06 14:49:05,784 INFO o.a.j.JMeter: Max memory     =1073741824
2025-07-06 14:49:05,785 INFO o.a.j.JMeter: Available Processors =8
2025-07-06 14:49:05,802 INFO o.a.j.JMeter: Default Locale=English (EN)
2025-07-06 14:49:05,803 INFO o.a.j.JMeter: JMeter  Locale=English (EN)
2025-07-06 14:49:05,803 INFO o.a.j.JMeter: JMeterHome=D:\155_158_CT_Updatedvansellerfile\V155_V158_Product_Vanseller\Jmeter\apache-jmeter-5.6.3
2025-07-06 14:49:05,804 INFO o.a.j.JMeter: user.dir  =D:\155_158_CT_Updatedvansellerfile\V155_V158_Product_Vanseller
2025-07-06 14:49:05,804 INFO o.a.j.JMeter: PWD       =D:\155_158_CT_Updatedvansellerfile\V155_V158_Product_Vanseller
2025-07-06 14:49:05,821 INFO o.a.j.JMeter: IP: 192.168.0.102 Name: LT-LZ-0246 FullName: LT-LZ-0246.ivygdcad.ivy-support.com
2025-07-06 14:49:05,874 INFO o.a.j.s.FileServer: Default base='D:\155_158_CT_Updatedvansellerfile\V155_V158_Product_Vanseller'
2025-07-06 14:49:05,879 INFO o.a.j.s.FileServer: Set new base='D:\155_158_CT_Updatedvansellerfile\V155_V158_Product_Vanseller\.\Jmeter'
2025-07-06 14:49:06,276 INFO o.a.j.s.SaveService: Testplan (JMX) version: 2.2. Testlog (JTL) version: 2.2
2025-07-06 14:49:06,365 INFO o.a.j.s.SaveService: Using SaveService properties file encoding UTF-8
2025-07-06 14:49:06,373 INFO o.a.j.s.SaveService: Using SaveService properties version 5.0
2025-07-06 14:49:06,391 INFO o.a.j.s.SaveService: Loading file: .\Jmeter\V158_Vanload_Stock_Alocation.jmx
2025-07-06 14:49:06,522 INFO o.a.j.p.h.c.CookieManager: Settings: Delete null: true Check: true Allow variable: true Save: false Prefix: COOKIE_
2025-07-06 14:49:06,609 INFO o.a.j.p.h.s.HTTPSamplerBase: Parser for text/html is org.apache.jmeter.protocol.http.parser.LagartoBasedHtmlParser
2025-07-06 14:49:06,609 INFO o.a.j.p.h.s.HTTPSamplerBase: Parser for application/xhtml+xml is org.apache.jmeter.protocol.http.parser.LagartoBasedHtmlParser
2025-07-06 14:49:06,609 INFO o.a.j.p.h.s.HTTPSamplerBase: Parser for application/xml is org.apache.jmeter.protocol.http.parser.LagartoBasedHtmlParser
2025-07-06 14:49:06,609 INFO o.a.j.p.h.s.HTTPSamplerBase: Parser for text/xml is org.apache.jmeter.protocol.http.parser.LagartoBasedHtmlParser
2025-07-06 14:49:06,610 INFO o.a.j.p.h.s.HTTPSamplerBase: Parser for text/vnd.wap.wml is org.apache.jmeter.protocol.http.parser.RegexpHTMLParser
2025-07-06 14:49:06,610 INFO o.a.j.p.h.s.HTTPSamplerBase: Parser for text/css is org.apache.jmeter.protocol.http.parser.CssParser
2025-07-06 14:49:09,969 INFO o.a.j.e.KeyToolUtils: keytool found at 'keytool'
2025-07-06 14:49:09,974 INFO o.a.j.p.h.p.ProxyControl: HTTP(S) Test Script Recorder SSL Proxy will use keys that support embedded 3rd party resources in file D:\155_158_CT_Updatedvansellerfile\V155_V158_Product_Vanseller\Jmeter\apache-jmeter-5.6.3\bin\proxyserver.jks
2025-07-06 14:49:10,029 INFO o.a.j.JMeter: Creating summariser <summary>
2025-07-06 14:49:10,046 INFO o.a.j.e.StandardJMeterEngine: Running the test!
2025-07-06 14:49:10,049 INFO o.a.j.s.SampleEvent: List of sample_variables: []
2025-07-06 14:49:10,049 INFO o.a.j.s.SampleEvent: List of sample_variables: []
2025-07-06 14:49:10,064 INFO o.a.j.e.u.CompoundVariable: Note: Function class names must contain the string: '.functions.'
2025-07-06 14:49:10,064 INFO o.a.j.e.u.CompoundVariable: Note: Function class names must not contain the string: '.gui.'
2025-07-06 14:49:11,864 INFO o.a.j.JMeter: Running test (1751793551864)
2025-07-06 14:49:11,976 INFO o.a.j.e.StandardJMeterEngine: Starting ThreadGroup: 1 : Thread Group
2025-07-06 14:49:11,976 INFO o.a.j.e.StandardJMeterEngine: Starting 1 threads for group Thread Group.
2025-07-06 14:49:11,976 INFO o.a.j.e.StandardJMeterEngine: Thread will continue on error
2025-07-06 14:49:11,976 INFO o.a.j.t.ThreadGroup: Starting thread group... number=1 threads=1 ramp-up=1 delayedStart=false
2025-07-06 14:49:11,999 INFO o.a.j.t.ThreadGroup: Started thread group number 1
2025-07-06 14:49:12,000 INFO o.a.j.e.StandardJMeterEngine: All thread groups have been started
2025-07-06 14:49:12,017 INFO o.a.j.s.SampleResult: Note: Sample TimeStamps are START times
2025-07-06 14:49:12,018 INFO o.a.j.s.SampleResult: sampleresult.default.encoding is set to UTF-8
2025-07-06 14:49:12,018 INFO o.a.j.s.SampleResult: sampleresult.useNanoTime=true
2025-07-06 14:49:12,018 INFO o.a.j.s.SampleResult: sampleresult.nanoThreadSleep=5000
2025-07-06 14:49:12,024 INFO o.a.j.t.JMeterThread: Thread started: Thread Group 1-1
2025-07-06 14:49:12,079 INFO o.a.j.p.h.s.HTTPHCAbstractImpl: Local host = LT-LZ-0246
2025-07-06 14:49:12,093 INFO o.a.j.p.h.s.HTTPHC4Impl: HTTP request retry count = 0
2025-07-06 14:49:12,427 INFO o.a.j.p.h.s.h.LazyLayeredConnectionSocketFactory: Setting up HTTPS TrustAll Socket Factory
2025-07-06 14:49:12,446 INFO o.a.j.u.JsseSSLManager: Using default SSL protocol: TLS
2025-07-06 14:49:12,446 INFO o.a.j.u.JsseSSLManager: SSL session context: per-thread
2025-07-06 14:49:12,649 INFO o.a.j.u.SSLManager: JmeterKeyStore Location:  type JKS
2025-07-06 14:49:12,658 INFO o.a.j.u.SSLManager: KeyStore created OK
2025-07-06 14:49:12,658 WARN o.a.j.u.SSLManager: Keystore file not found, loading empty keystore
2025-07-06 14:49:20,399 INFO o.a.j.t.JMeterThread: Thread is done: Thread Group 1-1
2025-07-06 14:49:20,399 INFO o.a.j.t.JMeterThread: Thread finished: Thread Group 1-1
2025-07-06 14:49:20,405 INFO o.a.j.e.StandardJMeterEngine: Notifying test listeners of end of test
2025-07-06 14:49:20,409 INFO o.a.j.r.Summariser: summary =     22 in 00:00:09 =    2.6/s Avg:   319 Min:    45 Max:  2208 Err:     0 (0.00%)
